<?xml version="1.0" encoding="UTF-8"?>
<!-- Generated by org.testng.reporters.JUnitXMLReporter -->
<testsuite hostname="JLT01045L" ignored="0" name="Bank Test" tests="8" failures="0" timestamp="17 Jul 2019 19:29:00 GMT" time="6.268" errors="0">
  <testcase name="Navigationbar_Check" time="0.488" classname="MashreqBankPkg.MashreqBank"/>
  <testcase name="News_Check" time="0.396" classname="MashreqBankPkg.MashreqBank"/>
  <testcase name="Contact_Us_Check" time="0.296" classname="MashreqBankPkg.MashreqBank"/>
  <testcase name="Contact_Form_Mand_Check" time="2.273" classname="MashreqBankPkg.MashreqBank"/>
  <testcase name="Iam_Lookingto_Check" time="0.091" classname="MashreqBankPkg.MashreqBank"/>
  <testcase name="Sub_Product_Check" time="0.405" classname="MashreqBankPkg.MashreqBank"/>
  <testcase name="Mobile_No_Invalid_Check" time="2.115" classname="MashreqBankPkg.MashreqBank"/>
  <testcase name="Mobile_No_Valid_Check" time="0.181" classname="MashreqBankPkg.MashreqBank"/>
</testsuite> <!-- Bank Test -->
