<?xml version="1.0" encoding="UTF-8"?>
<!-- Generated by org.testng.reporters.JUnitXMLReporter -->
<testsuite hostname="JLT01045L" name="Default test" tests="8" failures="0" timestamp="17 Jul 2019 18:55:26 GMT" time="6.156" errors="0">
  <testcase name="Navigationbar_Check" time="0.418" classname="MashreqBankPkg.MashreqBank"/>
  <testcase name="News_Check" time="0.327" classname="MashreqBankPkg.MashreqBank"/>
  <testcase name="Contact_Us_Check" time="0.298" classname="MashreqBankPkg.MashreqBank"/>
  <testcase name="Contact_Form_Mand_Check" time="2.278" classname="MashreqBankPkg.MashreqBank"/>
  <testcase name="Iam_Lookingto_Check" time="0.097" classname="MashreqBankPkg.MashreqBank"/>
  <testcase name="Sub_Product_Check" time="0.395" classname="MashreqBankPkg.MashreqBank"/>
  <testcase name="Mobile_No_Invalid_Check" time="2.134" classname="MashreqBankPkg.MashreqBank"/>
  <testcase name="Mobile_No_Valid_Check" time="0.157" classname="MashreqBankPkg.MashreqBank"/>
</testsuite> <!-- Default test -->
